
@ExceptArtistFromPlaylist:Jonathan Morris,Gamechops

-album:6xP2OpRfbk0USqvjNvo0Jj

-artist:4vJz81a7QeRrIRrKflFzbd # wrong tpr
-artist:7ee9OgK5bTQEZ8FiKSz32x # wrong tpr again
-artist:3vBngkkbx94CR6ieyfHVJu # komo
-artist:jazzthatbrass
-artist:jimmy on guitar
-album:tim burnelis - *music box*

-album:* - *lofi
-album:* - *metal instrumental
-album:* - *drum and bass*
-track:*metal instrumental
-track:*and violin
-track:*nier automata guitar
-track:museum lofi*
-track:*lofi edit
-track:*lofi hip hop*
-track:*orchestral cover*

-Artist:LoFi VGM
-Artist:Dan DeSimone
-Artist:Roxane Genot
-Artist:7deMxT9SPjLLPszCDM9WLv	#  Player one ready


-Artist:4bmuJW58tQxHMVcaRhq1bo	#	Tyler Jenkins
-Track:10Na3KGUqF18Mw4AYErhOK	#	Dan DeSimone, Moisés Nieto - Lugia's Song (From "Pokémon 2000") (2016)
-Album:1JJ746Hyu273ZqfjOn9inr	#	Steven Melin - 16-Bit Action (2020)
-Track:3m0NTYKAQs7SY7jWZdRJNB	#	Steven Melin - Tarm Ruins (From "The Legend of Zelda: Oracle of Seasons") (2018)
-Artist:0J3DoFxNBgVlSWG83KdNDF	#	Dewey Newt
-Track:2XYumajGkmYhWIrTQQHcMe	#	Moisés Nieto - Final Fantasy Main Theme (2015)
-Track:4OjncmQ6nOPLmYrUWtaz9Y	#	Marioverehrer, Jester Musician - Megalovania (2019)
-Track:1FNjmHBMkwUXZegiG2qEJH	#	Brandon Mild - Cianwood City (2018)
-Track:061MmsztxBDWhQ83rShTku	#	TPR, CamillasChoice - Stand By Me (From "Final Fantasy XV") (2018)
-Track:1JGv7Q0nmdS1yqE4DbRtKA	#	Ben Briggs, Besso0, Firaga - Rosalina's Observatory (from "Super Mario Galaxy") (2022)
-Track:2rwB7X3iXMGGviT5oqZlLo	#	TPR, PitTan - Life Will Change (2022)
-Artist:6uCoeM17wVPWbIn2Y09m2V	#	Kain White
-Artist:6xN4Oeb97dtMCqnF8feupL	#	Jonathan Parecki
-Artist:4DFbZRij7LlqVYDC8aEr9u	#	Steven Silo
-Artist:6i5X4jYvJKUGQX0HXC0Ewh	#	Jenny
-Artist:3npM0ZkW5qRUL5Y7ihHRrU	#	Tenkitsune
-Artist:7iRQWM8Qfheeunka5VUXf1	#	Chris Forten
-Artist:1C7lJ7PCodvc21GuLUPzZE	#	Christofer Chavarria
-Track:1NIT7L7cS0xA1XonKMQvNV	#	Moisés Nieto - Madre anoche en las trincheras (2015)
-Track:3mfHtT7BGF8Tqs9jkt8QRL	#	Brandon Mild - National Park (2018)
-Artist:6bnFNnDW0UhBHsD4qH9mTV	#	Warp Whistles Music
-Album:7D0gbNK3ek5xXbkdiqaXme	#	Moisés Nieto - My Sanctuary is Simple and Clean (2013)
-Track:0i4Ejr6KZNfTUs9K8pPOpU	#	Moisés Nieto - Mad World (2014)
-Artist:5rg57cADKFJoLDaASltL0K	#	nokbient
-Track:2937EmUlkFmTJpVJXqlhG2	#	Brandon Mild - Dance Theater (2018)
-Artist:1lCzRZihuoEjivi0DFiazr	#	High Tide Lofi
-Track:52wPkxBfux2bgD2l6fi01U	#	Steven Melin - First Steps (From "Celeste") (2018)
-Track:217mu1B8ju8FpwMO4MFQkq	#	Steven Melin, L'MONDEGREEN - Guardia Millennial Fair (From "Chrono Trigger") (2018)
-Track:7u1uSfEwIuP2FrqrlSWiGY	#	Steven Melin, Bethany Dyer, Finbeard, Alex Parrish, L'MONDEGREEN - Sanctuary (From "Kingdom Hearts II") (2018)
-Track:5kzAPyiyOrLgnPYOofe1jD	#	Morunas - Toss A Coin To Your Witcher (from "The Witcher Series") - String Version (2020)
-Track:0ljZc01gUB4YrmmlPuDqAY	#	Besso0, Nokae - Oni - Piano Edit (2017)
-Track:4lljYwnF3SkbHDBHby6hRT	#	Giovanni Rotondo, Live Voices, Greg Pattillo, Salome Scheidegger, Samantha Ballard, Meine Meinung, Harry Murrell, Eric Stephenson - The Battle of Mon Chi Bill (2018)
-Album:648LC7Yi6SJpvmV5Kpul7K	#	Salome Scheidegger - "Nuvole Bianche" (Ludovico Einaudi) (2018)
-Artist:13YD4KsI3674BRH9k7vn7m	#	GonZealous
-Artist:2x4nKS8WqFNdbDg51xUvw1	#	Dacian Grada
-Artist:6sFDKMSKj5Lh21nxVzoE6k	#	Psamathes
-Track:3P1Uk2yjOb3ZAJALG7I48e	#	Brandon Mild - Pokemon League Night-Time (2020)
-Artist:1eExjNGIU4ZCqk9gH8o1Pb	#	AshZone
-Artist:4ia9ZcB0lSq44MLBTlseBJ	#	Mohmega
-Artist:3eiW5b4O3I1j3XRTi8pZCX	#	Music on the D Lo
-Artist:3htPgFiWWui7N91t1pC6zQ	#	Lacey Johnson
-Artist:46pQiA7umzhQv8Jwbz7MrT	#	Rahul Vanamali
-Artist:2uvmxMc9siyCzqLovUXV9l	#	Legendav
-Artist:31rvV7QCJ3uRdeGz2TvvGS	#	Eric L.
-Artist:5HcyDnAX0QoTlBM1K4XIza	#	8-Bit Music Theory=
-Track:5kzAPyiyOrLgnPYOofe1jD	#	Morunas - Toss A Coin To Your Witcher (from "The Witcher Series") - String Version (2020)
-Track:0ljZc01gUB4YrmmlPuDqAY	#	Besso0, Nokae - Oni - Piano Edit (2017)
-Track:4lljYwnF3SkbHDBHby6hRT	#	Giovanni Rotondo, Live Voices, Greg Pattillo, Salome Scheidegger, Samantha Ballard, Meine Meinung, Harry Murrell, Eric Stephenson - The Battle of Mon Chi Bill (2018)
-Album:648LC7Yi6SJpvmV5Kpul7K	#	Salome Scheidegger - "Nuvole Bianche" (Ludovico Einaudi) (2018)
-Track:0amnkRf0ebY685LVToTsoa	#	Brandon Mild - Broken Promises (2018)
-Track:5N2ew5PyQYBzeJxzzzftEs	#	Brandon Mild - Looking at Stars (2018)
-Track:5Nk8avRd31ZL4zWVSXxK9k	#	Salome Scheidegger - Divergent Paths (2018)
-Album:648LC7Yi6SJpvmV5Kpul7K	#	Salome Scheidegger - "Nuvole Bianche" (Ludovico Einaudi) (2018)
-Track:0PYgfVJ8opxSmgGwXgTNj4	#	Salome Scheidegger - Daredevil (Opening Theme) (2018)
-Track:62nfkXxq1Lefh8SKZao6fq	#	Salome Scheidegger - Shallow (2018)
-Album:52Nrawr9zuVyBvMP1cEYNA	#	Claire Waluch - Popular Piano Covers (2019) # no vg here
-Artist:3V1f0YghvSHTnUSWevaxMZ	#	Ds músic
-Artist:13YD4KsI3674BRH9k7vn7m	#	GonZealous
-Artist:2x4nKS8WqFNdbDg51xUvw1	#	Dacian Grada
-Artist:6sFDKMSKj5Lh21nxVzoE6k	#	Psamathes
-Track:3P1Uk2yjOb3ZAJALG7I48e	#	Brandon Mild - Pokemon League Night-Time (2020)
-Track:1r3BXdkGu3gN6XfLdnCFC6	#	Brandon Mild - Golden (2020)
-Artist:1eExjNGIU4ZCqk9gH8o1Pb	#	AshZone
-Track:4ItYagqayr0z30yRRZGOf8	#	Salome Scheidegger - No Time to Die (2020)
-Track:2IJzaHM0lQuOTjDf0pxdj0	#	DS Music, The Consouls, Sam Bobinski, Steven Higbee - Theme of Seliana (From "Monster Hunter World: Iceborne") (2022)
-Artist:4ia9ZcB0lSq44MLBTlseBJ	#	Mohmega
-Artist:3eiW5b4O3I1j3XRTi8pZCX	#	Music on the D Lo
-Artist:3htPgFiWWui7N91t1pC6zQ	#	Lacey Johnson
-Artist:46pQiA7umzhQv8Jwbz7MrT	#	Rahul Vanamali
-Artist:2uvmxMc9siyCzqLovUXV9l	#	Legendav
-Artist:5Gh0n3tPTJDDDd55mH0Mtg	#	Shayne Plunkett
-Artist:0NtSL4vnds1d06WWmecech	#	Kim Garzon
-Artist:0X1wtVNo8CVrMEKh8y8knH	#	GlitchxCity
-Artist:78yXLL5IaZyJct2y3nKTYJ	#	Ro Panuganti
-Artist:07ohki4ZfUIYUCn7YVVtrP	#	David Erick Ramos
-Artist:66CfNN3oMhA8reGT1R9hFX	#	Perc Upgrade!
-Artist:36yuG9DyloDYqWKWRoYqPc	#	ViolinGamer
-Artist:60VkvZRQdY2c80BKt0Nvcg	#	VioletUnversed
-Artist:5Pc0LgniyOeHNWa7tpQp2m	#	TeraCMusic
-Artist:6vC6QxsKxAx7ooXarW8JWZ	#	Ben Briggs
-Artist:0JTfHOX0sOFSibKdlbI0sK	#	BadHairlineProductions
-Track:2VGZnsu4nTKDgDQUhJri2r	#	Moisés Nieto - Warriors (Piano Solo) (2014)
-Artist:5rr68tfYe5WPQXKiRZaG4y	#	Shea's Violin
-Album:3JKoDmVqjevwBLxT1PbcRy	#	TPR - A Moment Of Weakness (2015)
-Album:6xVVcJtd4IJRG0xM1Dpz3H	#	TPR - The Noctography (2013)
-Artist:7EswIAunQpEtHsPoGxvJjK	#	Diana Dunn
-Artist:7p8mREWB1pM6G0gx0IOX0g	#	AnimeVivi
-Track:2rp0e8gfnvItt1GIWESlu1	#	Shea's Violin, Animalisa Keys - Oresrush (From: "Octopath Traveler 2") (2023)
-Track:26dcVXMSe30184vAUXOozQ	#	Pablo Enver - RUN! (2022)
-Track:5y0ynI0D3RTEVuhD7Vsjvz	#	Kara Comparetto - Wood Carving Partita (From "Castlevania: Symphony of the Night") (2022)
-Track:0decq6bGctWiq7D1On12EN	#	Morunas - Toss A Coin To Your Witcher (from "The Witcher Series") - Piano Version (2020)
-Track:5m6zDh7cnyvu3BEquecPJq	#	TPR - Gym Leader Battle (Kanto) (2022)
-Track:1HgOJs1UDGSG7tIwI01ael	#	TPR, PitTan - Colors Flying High (From "Persona 5 Royal") (2022)
-Track:4zAAHEEyTTU0YeK341n7qX	#	TPR, abbytheoboist - Alleycat (2022)
-Track:0R5X6qxjJvlI1KCLkvNOna	#	TPR, Alexandra Langley - The Star Festival (2020)
-Artist:62GoYifV4njTdvS8lD2yYT	#	insaneintherainmusic
-Track:1sVhyTuvjzNgAGvRwvakJd	#	TPR, Starling Tan - Soaring / Flight (From "Xenogears") - Instrumental (2021)
-Artist:31Eoi17HcQM7ElqMMXIUU3	#	Charlie Parra del Riego
